date: "2014-09-04 15:28:19.028"
argv: "d:\\nodejs\\node.exe c:\\Users\\tzhai\\AppData\\Roaming\\npm\\node_modules\\hexo\\bin\\hexo d"
os: Windows_NT 6.1.7601 win32 ia32
versions:
  http_parser: "1.0"
  node: 0.10.29
  v8: 3.14.5.9
  ares: 1.9.0-DEV
  uv: 0.10.27
  zlib: 1.2.3
  modules: "11"
  openssl: 1.0.1h
  hexo: 2.8.2
---
[debug] 15:28:17.183 Config file loaded from c:\Users\tzhai\MyBlog\_config.yml[debug] 15:28:17.187 Version info checked successfully[debug] 15:28:17.245 Loading database.[debug] 15:28:17.422 Processed: draft.md (2ms)[debug] 15:28:17.422 Processed: photo.md (2ms)[debug] 15:28:17.422 Processed: page.md (2ms)[debug] 15:28:17.422 Processed: post.md (2ms)[debug] 15:28:17.442 Plugin loaded successfully: hexo-generator-feed[debug] 15:28:17.452 Plugin loaded successfully: hexo-generator-sitemap[debug] 15:28:17.478 Plugin loaded successfully: hexo-renderer-ejs[debug] 15:28:17.516 Plugin loaded successfully: hexo-renderer-marked[debug] 15:28:17.852 Plugin loaded successfully: hexo-renderer-stylus[debug] 15:28:17.856 Script load successfully: fancybox.js[info] 15:28:17.857 Start deploying: github[info] 15:28:17.862 Clearing .deploy folder...[info] 15:28:18.766 Copying files from public folder...[error] 15:28:18.949 Error: EBUSY, open 'c:\Users\tzhai\MyBlog\public\archives\2014\08\index.html.baiduyun.uploading.cfg'
Error: EBUSY, open 'c:\Users\tzhai\MyBlog\public\archives\2014\08\index.html.baiduyun.uploading.cfg'
[error] 15:28:18.958 Error: EBUSY, open 'c:\Users\tzhai\MyBlog\public\archives\2014\07\index.html.baiduyun.uploading.cfg'
Error: EBUSY, open 'c:\Users\tzhai\MyBlog\public\archives\2014\07\index.html.baiduyun.uploading.cfg'
[debug] 15:28:17.183 Config file loaded from c:\Users\tzhai\MyBlog\_config.yml[debug] 15:28:17.187 Version info checked successfully[debug] 15:28:17.245 Loading database.[debug] 15:28:17.422 Processed: draft.md (2ms)[debug] 15:28:17.422 Processed: photo.md (2ms)[debug] 15:28:17.422 Processed: page.md (2ms)[debug] 15:28:17.422 Processed: post.md (2ms)[debug] 15:28:17.442 Plugin loaded successfully: hexo-generator-feed[debug] 15:28:17.452 Plugin loaded successfully: hexo-generator-sitemap[debug] 15:28:17.478 Plugin loaded successfully: hexo-renderer-ejs[debug] 15:28:17.516 Plugin loaded successfully: hexo-renderer-marked[debug] 15:28:17.852 Plugin loaded successfully: hexo-renderer-stylus[debug] 15:28:17.856 Script load successfully: fancybox.js[info] 15:28:17.857 Start deploying: github[info] 15:28:17.862 Clearing .deploy folder...[info] 15:28:18.766 Copying files from public folder...[error] 15:28:18.949 Error: EBUSY, open 'c:\Users\tzhai\MyBlog\public\archives\2014\08\index.html.baiduyun.uploading.cfg'
Error: EBUSY, open 'c:\Users\tzhai\MyBlog\public\archives\2014\08\index.html.baiduyun.uploading.cfg'
[error] 15:28:18.958 Error: EBUSY, open 'c:\Users\tzhai\MyBlog\public\archives\2014\07\index.html.baiduyun.uploading.cfg'
Error: EBUSY, open 'c:\Users\tzhai\MyBlog\public\archives\2014\07\index.html.baiduyun.uploading.cfg'
